<?xml version='1.0' encoding='UTF-8'?>
<testsuite hostname="HP20064326" name="Vector3Tests" tests="11" errors="0" failures="0" skipped="0" time="0.035" timestamp="2018-11-27T12:04:19">
                     <properties>
      <property name="awt.toolkit" value="sun.awt.windows.WToolkit"/><property name="java.specification.version" value="11"/><property name="sun.cpu.isalist" value="amd64"/><property name="sun.jnu.encoding" value="Cp1252"/><property name="sun.arch.data.model" value="64"/><property name="java.vendor.url" value="http://java.oracle.com/"/><property name="sun.boot.library.path" value="D:\java\jdk-11\bin"/><property name="sun.java.command" value="C:\Users\C24701\.IntelliJIdea2018.3\config\plugins\Scala\launcher\sbt-launch.jar --addPluginSbtFile=C:\Users\C24701\AppData\Local\Temp\idea.sbt idea-shell"/><property name="jdk.debug" value="release"/><property name="sun.stderr.encoding" value="cp850"/><property name="java.specification.vendor" value="Oracle Corporation"/><property name="java.version.date" value="2018-09-25"/><property name="java.home" value="D:\java\jdk-11"/><property name="proxy.authentication.username" value="C24701"/><property name="file.separator" value="\"/><property name="java.vm.compressedOopsMode" value="32-bit"/><property name="line.separator" value="
"/><property name="sun.stdout.encoding" value="cp850"/><property name="java.specification.name" value="Java Platform API Specification"/><property name="java.vm.specification.vendor" value="Oracle Corporation"/><property name="user.script" value=""/><property name="sun.management.compiler" value="HotSpot 64-Bit Tiered Compilers"/><property name="java.runtime.version" value="11+28"/><property name="user.name" value="C24701"/><property name="proxy.authentication.password" value="London2018"/><property name="file.encoding" value="UTF-8"/><property name="jnidispatch.path" value="C:\Users\C24701\AppData\Local\Temp\jna-1965932691\jna7882123304934328431.dll"/><property name="java.vendor.version" value="18.9"/><property name="jna.loaded" value="true"/><property name="java.io.tmpdir" value="C:\Users\C24701\AppData\Local\Temp\"/><property name="java.version" value="11"/><property name="java.vm.specification.name" value="Java Virtual Machine Specification"/><property name="java.awt.printerjob" value="sun.awt.windows.WPrinterJob"/><property name="sun.os.patch.level" value="Service Pack 1"/><property name="java.library.path" value="D:\java\jdk-11\bin;C:\WINDOWS\Sun\Java\bin;C:\WINDOWS\system32;C:\WINDOWS;C:\Program Files\Common Files\Microsoft Shared\Microsoft Online Services;C:\Program Files (x86)\Common Files\Microsoft Shared\Microsoft Online Services;C:\ProgramData\Oracle\Java\javapath;D:\app\client\product\12.1.0\client_1\bin;C:\WINDOWS\system32;C:\WINDOWS;C:\WINDOWS\System32\Wbem;C:\WINDOWS\System32\WindowsPowerShell\v1.0\;C:\Program Files (x86)\Enterprise Vault\EVClient\;C:\Program Files\Microsoft SQL Server\120\Tools\Binn\;C:\Program Files\Microsoft SQL Server\130\Tools\Binn\;C:\Program Files\Microsoft SQL Server\Client SDK\ODBC\110\Tools\Binn\;C:\Program Files (x86)\Microsoft SQL Server\120\Tools\Binn\;C:\Program Files\Microsoft SQL Server\120\DTS\Binn\;C:\Program Files (x86)\Microsoft SQL Server\120\Tools\Binn\ManagementStudio\;C:\Program Files (x86)\Microsoft SQL Server\120\DTS\Binn\;C:\Program Files\dotnet\;C:\WINDOWS\System32\WindowsPowerShell\v1.0\;C:\WINDOWS\System32\WindowsPowerShell\v1.0\;C:\Program Files (x86)\Common Files\Hitachi ID\;C:\Program Files\Common Files\Hitachi ID\;C:\Program Files (x86)\Windows Kits\10\Windows Performance Toolkit\;C:\Program Files\Microsoft SQL Server Migration Assistant for Oracle\bin\;C:\Program Files\nodejs\;C:\Program Files (x86)\Yarn\bin\;C:\Program Files (x86)\dotnet\;C:\Program Files\Git\cmd;C:\Program Files\Git\mingw64\bin;C:\Program Files\Git\usr\bin;C:\WINDOWS\System32\WindowsPowerShell\v1.0\;D:\Tools\SysinternalsSuite;C:\Program Files\Docker Toolbox;C:\Users\C24701\AppData\Local\Programs\Fiddler;C:\Program Files\Microsoft VS Code\bin;C:\Users\C24701\AppData\Roaming\npm;C:\Users\C24701\.dotnet\tools;C:\Users\C24701\AppData\Local\Yarn\bin;C:\Users\C24701\AppData\Local\Programs\Microsoft VS Code\bin;."/><property name="java.vendor" value="Oracle Corporation"/><property name="sun.io.unicode.encoding" value="UnicodeLittle"/><property name="sun.desktop" value="windows"/><property name="http.proxyHost" value="10.64.3.193"/><property name="java.class.path" value="C:\Users\C24701\.IntelliJIdea2018.3\config\plugins\Scala\launcher\sbt-launch.jar"/><property name="https.proxyPort" value="8080"/><property name="java.vm.vendor" value="Oracle Corporation"/><property name="user.variant" value=""/><property name="jline.shutdownhook" value="false"/><property name="user.timezone" value="Europe/London"/><property name="os.name" value="Windows 7"/><property name="java.vm.specification.version" value="11"/><property name="sun.java.launcher" value="SUN_STANDARD"/><property name="user.country" value="GB"/><property name="sun.cpu.endian" value="little"/><property name="user.home" value="C:\Users\C24701"/><property name="user.language" value="en"/><property name="https.proxyHost" value="10.64.3.193"/><property name="java.awt.graphicsenv" value="sun.awt.Win32GraphicsEnvironment"/><property name="jline.esc.timeout" value="0"/><property name="path.separator" value=";"/><property name="os.version" value="6.1"/><property name="jna.nosys" value="true"/><property name="java.runtime.name" value="OpenJDK Runtime Environment"/><property name="java.vm.name" value="OpenJDK 64-Bit Server VM"/><property name="java.vendor.url.bug" value="http://bugreport.java.com/bugreport/"/><property name="user.dir" value="D:\Appdev\Playground\scala_ray_tracer"/><property name="os.arch" value="amd64"/><property name="idea.managed" value="true"/><property name="java.vm.info" value="mixed mode"/><property name="java.vm.version" value="11+28"/><property name="java.class.version" value="55.0"/><property name="http.proxyPort" value="8080"/>
    </properties>
                     <testcase classname="Vector3Tests" name="A one vector should all be one" time="0.035">
                                                 
                                               </testcase><testcase classname="Vector3Tests" name="A zero vector should all be zero" time="0.0">
                                                 
                                               </testcase><testcase classname="Vector3Tests" name="Plus operator does element wise addition of two vectors" time="0.0">
                                                 
                                               </testcase><testcase classname="Vector3Tests" name="Minus operator does element wise addition of two vectors" time="0.0">
                                                 
                                               </testcase><testcase classname="Vector3Tests" name="Multiply operator does element wise addition of two vectors" time="0.0">
                                                 
                                               </testcase><testcase classname="Vector3Tests" name="Divide operator does element wise addition of two vectors" time="0.0">
                                                 
                                               </testcase><testcase classname="Vector3Tests" name="Can compute the length of a 2 vector" time="0.0">
                                                 
                                               </testcase><testcase classname="Vector3Tests" name="Can compute the length^2 of a 2 vector" time="0.0">
                                                 
                                               </testcase><testcase classname="Vector3Tests" name="Can create a unit vector from a vector" time="0.0">
                                                 
                                               </testcase><testcase classname="Vector3Tests" name="Can compute the dot product of 2 vectors" time="0.0">
                                                 
                                               </testcase><testcase classname="Vector3Tests" name="Can compute the cross product of 2 vectors" time="0.0">
                                                 
                                               </testcase>
                     <system-out><![CDATA[]]></system-out>
                     <system-err><![CDATA[]]></system-err>
                   </testsuite>